<?xml version="1.0" encoding="UTF-8"?>
<!-- Generated by org.testng.reporters.JUnitReportReporter -->
<testsuite hostname="LAPTOP-I4QEE136" failures="0" tests="1" name="com.tia.cucumber.RunnerTest" time="0.115" errors="0" timestamp="2023-01-27T10:13:34 ICT" skipped="0">
  <testcase classname="com.tia.cucumber.RunnerTest" name="runScenario" time="0.115"/>
  <system-out/>
</testsuite> <!-- com.tia.cucumber.RunnerTest -->
